<?xml version="1.0" encoding="utf-8"?><testsuites name="pytest tests"><testsuite name="pytest" errors="0" failures="1" skipped="0" tests="25" time="44.893" timestamp="2026-05-07T13:59:36.159482+00:00" hostname="agent-env-a635665f-31f6-4f87-819b-17c79c57bb64"><testcase classname="backend.tests.test_iteration4.TestAdminAuth" name="test_admin_login_admin_role" time="0.469" /><testcase classname="backend.tests.test_iteration4.TestAdminAuth" name="test_tester_login_admin_role" time="0.362" /><testcase classname="backend.tests.test_iteration4.TestAdminAuth" name="test_register_default_role_user" time="0.381" /><testcase classname="backend.tests.test_iteration4.TestFFTT" name="test_fftt_status_unconfigured" time="0.108" /><testcase classname="backend.tests.test_iteration4.TestFFTT" name="test_fftt_club_graceful_degradation" time="0.115" /><testcase classname="backend.tests.test_iteration4.TestFFTT" name="test_fftt_proab_graceful" time="0.128" /><testcase classname="backend.tests.test_iteration4.TestPush" name="test_public_key_unconfigured" time="0.128" /><testcase classname="backend.tests.test_iteration4.TestPush" name="test_subscribe_no_auth" time="0.246" /><testcase classname="backend.tests.test_iteration4.TestPush" name="test_unsubscribe_missing_endpoint" time="0.126" /><testcase classname="backend.tests.test_iteration4.TestPush" name="test_send_requires_auth" time="0.134" /><testcase classname="backend.tests.test_iteration4.TestPush" name="test_send_requires_admin" time="0.467" /><testcase classname="backend.tests.test_iteration4.TestPush" name="test_send_admin_unconfigured" time="0.532" /><testcase classname="backend.tests.test_iteration4.TestWttImportAuth" name="test_import_requires_auth" time="0.127" /><testcase classname="backend.tests.test_iteration4.TestWttImportAuth" name="test_import_requires_admin" time="0.130" /><testcase classname="backend.tests.test_iteration4.TestWttImportAuth" name="test_import_admin_ok" time="2.366" /><testcase classname="backend.tests.test_iteration4.TestWttImportAuth" name="test_sync_wtt_no_auth_still_works" time="1.482" /><testcase classname="backend.tests.test_iteration4.TestRateLimit" name="test_sync_wtt_rate_limit" time="29.727"><failure message="AssertionError: expected 429 in 13 calls, got [200, 200, 200, 200, 200, 200, 200, 200, 200, 200, 200, 200, 200]&#10;assert 429 in [200, 200, 200, 200, 200, 200, ...]">backend/tests/test_iteration4.py:148: in test_sync_wtt_rate_limit
    assert 429 in statuses, f"expected 429 in 13 calls, got {statuses}"
E   AssertionError: expected 429 in 13 calls, got [200, 200, 200, 200, 200, 200, 200, 200, 200, 200, 200, 200, 200]
E   assert 429 in [200, 200, 200, 200, 200, 200, ...]</failure></testcase><testcase classname="backend.tests.test_iteration4.TestBracketPredictor" name="test_eval_empty_predictions_400" time="0.196" /><testcase classname="backend.tests.test_iteration4.TestBracketPredictor" name="test_eval_with_predictions" time="6.602" /><testcase classname="backend.tests.test_iteration4.TestBracketPredictor" name="test_save_requires_auth" time="0.133" /><testcase classname="backend.tests.test_iteration4.TestBracketPredictor" name="test_save_and_mine" time="0.184" /><testcase classname="backend.tests.test_iteration4.TestBracketPredictor" name="test_mine_requires_auth" time="0.198" /><testcase classname="backend.tests.test_iteration4.TestCompetitionsCount" name="test_total_competitions_40" time="0.109" /><testcase classname="backend.tests.test_iteration4.TestCompetitionsCount" name="test_wtt_mapped_count" time="0.135" /><testcase classname="backend.tests.test_iteration4.TestCompetitionsCount" name="test_new_wtt_events_present" time="0.217" /></testsuite></testsuites>