<?xml version="1.0" encoding="utf-8"?><testsuites name="pytest tests"><testsuite name="pytest" errors="0" failures="0" skipped="0" tests="89" time="55.420" timestamp="2026-05-07T14:03:54.639052+00:00" hostname="agent-env-a635665f-31f6-4f87-819b-17c79c57bb64"><testcase classname="backend.tests.test_iteration4.TestAdminAuth" name="test_admin_login_admin_role" time="0.372" /><testcase classname="backend.tests.test_iteration4.TestAdminAuth" name="test_tester_login_admin_role" time="0.344" /><testcase classname="backend.tests.test_iteration4.TestAdminAuth" name="test_register_default_role_user" time="0.349" /><testcase classname="backend.tests.test_iteration4.TestFFTT" name="test_fftt_status_unconfigured" time="0.162" /><testcase classname="backend.tests.test_iteration4.TestFFTT" name="test_fftt_club_graceful_degradation" time="0.125" /><testcase classname="backend.tests.test_iteration4.TestFFTT" name="test_fftt_proab_graceful" time="0.109" /><testcase classname="backend.tests.test_iteration4.TestPush" name="test_public_key_unconfigured" time="0.107" /><testcase classname="backend.tests.test_iteration4.TestPush" name="test_subscribe_no_auth" time="0.158" /><testcase classname="backend.tests.test_iteration4.TestPush" name="test_unsubscribe_missing_endpoint" time="0.109" /><testcase classname="backend.tests.test_iteration4.TestPush" name="test_send_requires_auth" time="0.105" /><testcase classname="backend.tests.test_iteration4.TestPush" name="test_send_requires_admin" time="0.486" /><testcase classname="backend.tests.test_iteration4.TestPush" name="test_send_admin_unconfigured" time="0.490" /><testcase classname="backend.tests.test_iteration4.TestWttImportAuth" name="test_import_requires_auth" time="0.133" /><testcase classname="backend.tests.test_iteration4.TestWttImportAuth" name="test_import_requires_admin" time="0.123" /><testcase classname="backend.tests.test_iteration4.TestWttImportAuth" name="test_import_admin_ok" time="2.309" /><testcase classname="backend.tests.test_iteration4.TestWttImportAuth" name="test_sync_wtt_no_auth_still_works" time="4.124" /><testcase classname="backend.tests.test_iteration4.TestBracketPredictor" name="test_eval_empty_predictions_400" time="0.107" /><testcase classname="backend.tests.test_iteration4.TestBracketPredictor" name="test_eval_with_predictions" time="7.303" /><testcase classname="backend.tests.test_iteration4.TestBracketPredictor" name="test_save_requires_auth" time="0.139" /><testcase classname="backend.tests.test_iteration4.TestBracketPredictor" name="test_save_and_mine" time="0.197" /><testcase classname="backend.tests.test_iteration4.TestBracketPredictor" name="test_mine_requires_auth" time="0.144" /><testcase classname="backend.tests.test_iteration4.TestCompetitionsCount" name="test_total_competitions_40" time="0.133" /><testcase classname="backend.tests.test_iteration4.TestCompetitionsCount" name="test_wtt_mapped_count" time="0.141" /><testcase classname="backend.tests.test_iteration4.TestCompetitionsCount" name="test_new_wtt_events_present" time="0.138" /><testcase classname="backend.tests.test_ttpro_backend.TestHealth" name="test_root" time="0.136" /><testcase classname="backend.tests.test_ttpro_backend.TestHealth" name="test_health" time="0.135" /><testcase classname="backend.tests.test_ttpro_backend.TestHealth" name="test_stats_overview" time="0.108" /><testcase classname="backend.tests.test_ttpro_backend.TestAuth" name="test_register_returns_token_and_user" time="0.343" /><testcase classname="backend.tests.test_ttpro_backend.TestAuth" name="test_register_duplicate_email" time="0.113" /><testcase classname="backend.tests.test_ttpro_backend.TestAuth" name="test_login_success" time="0.324" /><testcase classname="backend.tests.test_ttpro_backend.TestAuth" name="test_login_invalid_credentials" time="0.330" /><testcase classname="backend.tests.test_ttpro_backend.TestAuth" name="test_me_with_token" time="0.118" /><testcase classname="backend.tests.test_ttpro_backend.TestAuth" name="test_me_without_token" time="0.115" /><testcase classname="backend.tests.test_ttpro_backend.TestPlayers" name="test_list_players_sorted_by_world_rank" time="0.153" /><testcase classname="backend.tests.test_ttpro_backend.TestPlayers" name="test_filter_country_fr" time="0.109" /><testcase classname="backend.tests.test_ttpro_backend.TestPlayers" name="test_search_lebrun" time="0.122" /><testcase classname="backend.tests.test_ttpro_backend.TestPlayers" name="test_get_single_player" time="0.169" /><testcase classname="backend.tests.test_ttpro_backend.TestPlayers" name="test_get_player_404" time="0.123" /><testcase classname="backend.tests.test_ttpro_backend.TestPlayers" name="test_player_matches" time="0.195" /><testcase classname="backend.tests.test_ttpro_backend.TestCompetitions" name="test_list_competitions" time="0.121" /><testcase classname="backend.tests.test_ttpro_backend.TestCompetitions" name="test_filter_category" time="0.125" /><testcase classname="backend.tests.test_ttpro_backend.TestCompetitions" name="test_filter_level" time="0.117" /><testcase classname="backend.tests.test_ttpro_backend.TestCompetitions" name="test_search_competition" time="0.120" /><testcase classname="backend.tests.test_ttpro_backend.TestCompetitions" name="test_get_single_competition" time="0.201" /><testcase classname="backend.tests.test_ttpro_backend.TestCompetitions" name="test_competition_404" time="0.115" /><testcase classname="backend.tests.test_ttpro_backend.TestCompetitions" name="test_competition_matches" time="0.204" /><testcase classname="backend.tests.test_ttpro_backend.TestMatches" name="test_list_matches" time="0.167" /><testcase classname="backend.tests.test_ttpro_backend.TestMatches" name="test_filter_status_live" time="0.145" /><testcase classname="backend.tests.test_ttpro_backend.TestMatches" name="test_filter_category_wtt" time="0.104" /><testcase classname="backend.tests.test_ttpro_backend.TestMatches" name="test_live_matches_endpoint" time="0.135" /><testcase classname="backend.tests.test_ttpro_backend.TestMatches" name="test_upcoming_matches" time="0.146" /><testcase classname="backend.tests.test_ttpro_backend.TestMatches" name="test_get_single_match" time="0.188" /><testcase classname="backend.tests.test_ttpro_backend.TestMatches" name="test_match_404" time="0.126" /><testcase classname="backend.tests.test_ttpro_backend.TestMatches" name="test_h2h" time="0.209" /><testcase classname="backend.tests.test_ttpro_backend.TestSearch" name="test_global_search" time="0.126" /><testcase classname="backend.tests.test_ttpro_backend.TestNotifications" name="test_global_notifications_unauth" time="0.130" /><testcase classname="backend.tests.test_ttpro_backend.TestNotifications" name="test_notifications_with_auth" time="0.125" /><testcase classname="backend.tests.test_ttpro_backend.TestFavorites" name="test_post_favorite_unauth" time="0.131" /><testcase classname="backend.tests.test_ttpro_backend.TestFavorites" name="test_favorite_full_lifecycle" time="0.613" /><testcase classname="backend.tests.test_ttpro_backend.TestAI" name="test_ai_chat_and_history" time="8.064" /><testcase classname="backend.tests.test_ttpro_backend.TestAI" name="test_ai_predict" time="0.238" /><testcase classname="backend.tests.test_ttpro_backend.TestAI" name="test_ai_predict_404" time="0.134" /><testcase classname="backend.tests.test_ttpro_backend.TestAI" name="test_ai_summary" time="0.252" /><testcase classname="backend.tests.test_ttpro_backend.TestAI" name="test_ai_recommendations" time="6.111" /><testcase classname="backend.tests.test_ttpro_backend.TestWorldCompetitions" name="test_category_present[WTT]" time="0.125" /><testcase classname="backend.tests.test_ttpro_backend.TestWorldCompetitions" name="test_category_present[ITTF]" time="0.113" /><testcase classname="backend.tests.test_ttpro_backend.TestWorldCompetitions" name="test_category_present[France]" time="0.147" /><testcase classname="backend.tests.test_ttpro_backend.TestWorldCompetitions" name="test_category_present[Bundesliga]" time="0.102" /><testcase classname="backend.tests.test_ttpro_backend.TestWorldCompetitions" name="test_category_present[CSL]" time="0.118" /><testcase classname="backend.tests.test_ttpro_backend.TestWorldCompetitions" name="test_category_present[ChampionsLeague]" time="0.105" /><testcase classname="backend.tests.test_ttpro_backend.TestWorldCompetitions" name="test_pro_a_men_competition" time="0.131" /><testcase classname="backend.tests.test_ttpro_backend.TestWorldCompetitions" name="test_pro_a_men_matches" time="0.133" /><testcase classname="backend.tests.test_ttpro_backend.TestWorldCompetitions" name="test_wtt_smash_singapore_matches" time="0.121" /><testcase classname="backend.tests.test_ttpro_backend.TestGenderFilter" name="test_matches_gender_men" time="0.195" /><testcase classname="backend.tests.test_ttpro_backend.TestGenderFilter" name="test_matches_gender_women" time="0.194" /><testcase classname="backend.tests.test_ttpro_backend.TestGenderFilter" name="test_matches_category_france" time="0.128" /><testcase classname="backend.tests.test_ttpro_backend.TestGenderFilter" name="test_matches_category_bundesliga" time="0.114" /><testcase classname="backend.tests.test_ttpro_backend.TestGenderFilter" name="test_matches_category_csl" time="0.116" /><testcase classname="backend.tests.test_ttpro_backend.TestGenderFilter" name="test_matches_category_champions_league" time="0.107" /><testcase classname="backend.tests.test_ttpro_backend.TestGenderFilter" name="test_london_women_bracket" time="0.111" /><testcase classname="backend.tests.test_ttpro_backend.TestGenderFilter" name="test_live_matches_gender_filter" time="0.103" /><testcase classname="backend.tests.test_ttpro_backend.TestWttSync" name="test_sync_wtt_returns_synced" time="2.415" /><testcase classname="backend.tests.test_ttpro_backend.TestWttSync" name="test_sync_wtt_rich_response_shape" time="3.325" /><testcase classname="backend.tests.test_ttpro_backend.TestWttSync" name="test_wtt_events_endpoint" time="1.083" /><testcase classname="backend.tests.test_ttpro_backend.TestWttSync" name="test_import_wtt_singapore" time="2.319" /><testcase classname="backend.tests.test_ttpro_backend.TestWttSync" name="test_import_idempotent" time="4.498" /><testcase classname="backend.tests.test_ttpro_backend.TestWttSync" name="test_import_unknown_id" time="0.121" /><testcase classname="backend.tests.test_ttpro_backend.TestWttSync" name="test_import_no_event_id" time="0.154" /><testcase classname="backend.tests.test_ttpro_backend.TestWttSync" name="test_admin_reseed_world_idempotent" time="0.501" /></testsuite></testsuites>