<?xml version="1.0" encoding="utf-8"?><testsuites name="pytest tests"><testsuite name="pytest" errors="0" failures="0" skipped="0" tests="65" time="29.909" timestamp="2026-05-07T12:25:41.731049+00:00" hostname="agent-env-a635665f-31f6-4f87-819b-17c79c57bb64"><testcase classname="backend.tests.test_ttpro_backend.TestHealth" name="test_root" time="0.196" /><testcase classname="backend.tests.test_ttpro_backend.TestHealth" name="test_health" time="0.112" /><testcase classname="backend.tests.test_ttpro_backend.TestHealth" name="test_stats_overview" time="0.132" /><testcase classname="backend.tests.test_ttpro_backend.TestAuth" name="test_register_returns_token_and_user" time="0.335" /><testcase classname="backend.tests.test_ttpro_backend.TestAuth" name="test_register_duplicate_email" time="0.467" /><testcase classname="backend.tests.test_ttpro_backend.TestAuth" name="test_login_success" time="0.348" /><testcase classname="backend.tests.test_ttpro_backend.TestAuth" name="test_login_invalid_credentials" time="0.336" /><testcase classname="backend.tests.test_ttpro_backend.TestAuth" name="test_me_with_token" time="0.125" /><testcase classname="backend.tests.test_ttpro_backend.TestAuth" name="test_me_without_token" time="0.137" /><testcase classname="backend.tests.test_ttpro_backend.TestPlayers" name="test_list_players_sorted_by_world_rank" time="0.135" /><testcase classname="backend.tests.test_ttpro_backend.TestPlayers" name="test_filter_country_fr" time="0.118" /><testcase classname="backend.tests.test_ttpro_backend.TestPlayers" name="test_search_lebrun" time="0.111" /><testcase classname="backend.tests.test_ttpro_backend.TestPlayers" name="test_get_single_player" time="0.201" /><testcase classname="backend.tests.test_ttpro_backend.TestPlayers" name="test_get_player_404" time="0.125" /><testcase classname="backend.tests.test_ttpro_backend.TestPlayers" name="test_player_matches" time="0.204" /><testcase classname="backend.tests.test_ttpro_backend.TestCompetitions" name="test_list_competitions" time="0.109" /><testcase classname="backend.tests.test_ttpro_backend.TestCompetitions" name="test_filter_category" time="0.112" /><testcase classname="backend.tests.test_ttpro_backend.TestCompetitions" name="test_filter_level" time="0.115" /><testcase classname="backend.tests.test_ttpro_backend.TestCompetitions" name="test_search_competition" time="0.125" /><testcase classname="backend.tests.test_ttpro_backend.TestCompetitions" name="test_get_single_competition" time="0.185" /><testcase classname="backend.tests.test_ttpro_backend.TestCompetitions" name="test_competition_404" time="0.155" /><testcase classname="backend.tests.test_ttpro_backend.TestCompetitions" name="test_competition_matches" time="0.210" /><testcase classname="backend.tests.test_ttpro_backend.TestMatches" name="test_list_matches" time="0.155" /><testcase classname="backend.tests.test_ttpro_backend.TestMatches" name="test_filter_status_live" time="0.122" /><testcase classname="backend.tests.test_ttpro_backend.TestMatches" name="test_filter_category_wtt" time="0.134" /><testcase classname="backend.tests.test_ttpro_backend.TestMatches" name="test_live_matches_endpoint" time="0.126" /><testcase classname="backend.tests.test_ttpro_backend.TestMatches" name="test_upcoming_matches" time="0.115" /><testcase classname="backend.tests.test_ttpro_backend.TestMatches" name="test_get_single_match" time="0.215" /><testcase classname="backend.tests.test_ttpro_backend.TestMatches" name="test_match_404" time="0.122" /><testcase classname="backend.tests.test_ttpro_backend.TestMatches" name="test_h2h" time="0.224" /><testcase classname="backend.tests.test_ttpro_backend.TestSearch" name="test_global_search" time="0.108" /><testcase classname="backend.tests.test_ttpro_backend.TestNotifications" name="test_global_notifications_unauth" time="0.124" /><testcase classname="backend.tests.test_ttpro_backend.TestNotifications" name="test_notifications_with_auth" time="0.111" /><testcase classname="backend.tests.test_ttpro_backend.TestFavorites" name="test_post_favorite_unauth" time="0.123" /><testcase classname="backend.tests.test_ttpro_backend.TestFavorites" name="test_favorite_full_lifecycle" time="0.489" /><testcase classname="backend.tests.test_ttpro_backend.TestAI" name="test_ai_chat_and_history" time="5.371" /><testcase classname="backend.tests.test_ttpro_backend.TestAI" name="test_ai_predict" time="0.256" /><testcase classname="backend.tests.test_ttpro_backend.TestAI" name="test_ai_predict_404" time="0.119" /><testcase classname="backend.tests.test_ttpro_backend.TestAI" name="test_ai_summary" time="0.275" /><testcase classname="backend.tests.test_ttpro_backend.TestAI" name="test_ai_recommendations" time="5.572" /><testcase classname="backend.tests.test_ttpro_backend.TestWorldCompetitions" name="test_category_present[WTT]" time="0.144" /><testcase classname="backend.tests.test_ttpro_backend.TestWorldCompetitions" name="test_category_present[ITTF]" time="0.117" /><testcase classname="backend.tests.test_ttpro_backend.TestWorldCompetitions" name="test_category_present[France]" time="0.124" /><testcase classname="backend.tests.test_ttpro_backend.TestWorldCompetitions" name="test_category_present[Bundesliga]" time="0.122" /><testcase classname="backend.tests.test_ttpro_backend.TestWorldCompetitions" name="test_category_present[CSL]" time="0.124" /><testcase classname="backend.tests.test_ttpro_backend.TestWorldCompetitions" name="test_category_present[ChampionsLeague]" time="0.132" /><testcase classname="backend.tests.test_ttpro_backend.TestWorldCompetitions" name="test_pro_a_men_competition" time="0.115" /><testcase classname="backend.tests.test_ttpro_backend.TestWorldCompetitions" name="test_pro_a_men_matches" time="0.122" /><testcase classname="backend.tests.test_ttpro_backend.TestWorldCompetitions" name="test_wtt_smash_singapore_matches" time="0.126" /><testcase classname="backend.tests.test_ttpro_backend.TestGenderFilter" name="test_matches_gender_men" time="0.191" /><testcase classname="backend.tests.test_ttpro_backend.TestGenderFilter" name="test_matches_gender_women" time="0.179" /><testcase classname="backend.tests.test_ttpro_backend.TestGenderFilter" name="test_matches_category_france" time="0.131" /><testcase classname="backend.tests.test_ttpro_backend.TestGenderFilter" name="test_matches_category_bundesliga" time="0.127" /><testcase classname="backend.tests.test_ttpro_backend.TestGenderFilter" name="test_matches_category_csl" time="0.139" /><testcase classname="backend.tests.test_ttpro_backend.TestGenderFilter" name="test_matches_category_champions_league" time="0.123" /><testcase classname="backend.tests.test_ttpro_backend.TestGenderFilter" name="test_london_women_bracket" time="0.128" /><testcase classname="backend.tests.test_ttpro_backend.TestGenderFilter" name="test_live_matches_gender_filter" time="0.129" /><testcase classname="backend.tests.test_ttpro_backend.TestWttSync" name="test_sync_wtt_returns_synced" time="1.239" /><testcase classname="backend.tests.test_ttpro_backend.TestWttSync" name="test_sync_wtt_rich_response_shape" time="1.149" /><testcase classname="backend.tests.test_ttpro_backend.TestWttSync" name="test_wtt_events_endpoint" time="1.167" /><testcase classname="backend.tests.test_ttpro_backend.TestWttSync" name="test_import_wtt_singapore" time="1.859" /><testcase classname="backend.tests.test_ttpro_backend.TestWttSync" name="test_import_idempotent" time="3.460" /><testcase classname="backend.tests.test_ttpro_backend.TestWttSync" name="test_import_unknown_id" time="0.128" /><testcase classname="backend.tests.test_ttpro_backend.TestWttSync" name="test_import_no_event_id" time="0.126" /><testcase classname="backend.tests.test_ttpro_backend.TestWttSync" name="test_admin_reseed_world_idempotent" time="0.564" /></testsuite></testsuites>